<?xml version="1.0" encoding="UTF-8"?>
<testsuite xmlns:xsi="http://www.w3.org/2001/XMLSchema-instance" xsi:noNamespaceSchemaLocation="https://maven.apache.org/surefire/maven-surefire-plugin/xsd/surefire-test-report.xsd" name="features.EnetityTest" time="0.001" tests="5" errors="0" skipped="0" failures="0">
  <properties>
[...]
</properties>
  <testcase name="testEntity_setScoreChange" classname="features.EnetityTest" time="0"/>
  <testcase name="testEntity_getScoreChange" classname="features.EnetityTest" time="0"/>
  <testcase name="testEntity_setPosition1" classname="features.EnetityTest" time="0"/>
  <testcase name="testEntity_setPosition2" classname="features.EnetityTest" time="0"/>
  <testcase name="testEntity_getPosition" classname="features.EnetityTest" time="0"/>
</testsuite>